{"/usr/src/app/src/auth.js": {"path":"/usr/src/app/src/auth.js","statementMap":{"0":{"start":{"line":3,"column":14},"end":{"line":18,"column":1}},"1":{"start":{"line":22,"column":20},"end":{"line":42,"column":1}},"2":{"start":{"line":22,"column":32},"end":{"line":42,"column":1}},"3":{"start":{"line":23,"column":15},"end":{"line":23,"column":57}},"4":{"start":{"line":23,"column":33},"end":{"line":23,"column":56}},"5":{"start":{"line":25,"column":2},"end":{"line":27,"column":3}},"6":{"start":{"line":26,"column":4},"end":{"line":26,"column":56}},"7":{"start":{"line":29,"column":2},"end":{"line":41,"column":4}},"8":{"start":{"line":44,"column":19},"end":{"line":51,"column":1}},"9":{"start":{"line":45,"column":2},"end":{"line":49,"column":3}},"10":{"start":{"line":46,"column":4},"end":{"line":46,"column":67}},"11":{"start":{"line":48,"column":4},"end":{"line":48,"column":23}},"12":{"start":{"line":53,"column":19},"end":{"line":55,"column":1}},"13":{"start":{"line":54,"column":2},"end":{"line":54,"column":49}},"14":{"start":{"line":54,"column":30},"end":{"line":54,"column":48}}},"fnMap":{"0":{"name":"(anonymous_0)","decl":{"start":{"line":22,"column":20},"end":{"line":22,"column":21}},"loc":{"start":{"line":22,"column":32},"end":{"line":42,"column":1}},"line":22},"1":{"name":"(anonymous_1)","decl":{"start":{"line":22,"column":32},"end":{"line":22,"column":33}},"loc":{"start":{"line":22,"column":56},"end":{"line":42,"column":1}},"line":22},"2":{"name":"(anonymous_2)","decl":{"start":{"line":23,"column":26},"end":{"line":23,"column":27}},"loc":{"start":{"line":23,"column":33},"end":{"line":23,"column":56}},"line":23},"3":{"name":"(anonymous_3)","decl":{"start":{"line":44,"column":19},"end":{"line":44,"column":20}},"loc":{"start":{"line":44,"column":30},"end":{"line":51,"column":1}},"line":44},"4":{"name":"(anonymous_4)","decl":{"start":{"line":53,"column":19},"end":{"line":53,"column":20}},"loc":{"start":{"line":53,"column":30},"end":{"line":55,"column":1}},"line":53},"5":{"name":"(anonymous_5)","decl":{"start":{"line":54,"column":20},"end":{"line":54,"column":21}},"loc":{"start":{"line":54,"column":30},"end":{"line":54,"column":48}},"line":54}},"branchMap":{"0":{"loc":{"start":{"line":25,"column":2},"end":{"line":27,"column":3}},"type":"if","locations":[{"start":{"line":25,"column":2},"end":{"line":27,"column":3}},{"start":{"line":25,"column":2},"end":{"line":27,"column":3}}],"line":25},"1":{"loc":{"start":{"line":25,"column":6},"end":{"line":25,"column":41}},"type":"binary-expr","locations":[{"start":{"line":25,"column":6},"end":{"line":25,"column":11}},{"start":{"line":25,"column":15},"end":{"line":25,"column":41}}],"line":25}},"s":{"0":1,"1":1,"2":1,"3":0,"4":0,"5":0,"6":0,"7":0,"8":1,"9":0,"10":0,"11":0,"12":1,"13":0,"14":0},"f":{"0":1,"1":0,"2":0,"3":0,"4":0,"5":0},"b":{"0":[0,0],"1":[0,0]},"_coverageSchema":"1a1c01bbd47fc00a2c39e90264f33305004495a9","hash":"3f9f0e62a2de013fcd55f30474672ea9b92834ef"}
,"/usr/src/app/src/server.js": {"path":"/usr/src/app/src/server.js","statementMap":{"0":{"start":{"line":2,"column":15},"end":{"line":2,"column":31}},"1":{"start":{"line":7,"column":13},"end":{"line":7,"column":17}},"2":{"start":{"line":8,"column":34},"end":{"line":8,"column":45}},"3":{"start":{"line":9,"column":0},"end":{"line":9,"column":77}},"4":{"start":{"line":10,"column":0},"end":{"line":12,"column":1}},"5":{"start":{"line":11,"column":2},"end":{"line":11,"column":79}},"6":{"start":{"line":14,"column":13},"end":{"line":14,"column":36}},"7":{"start":{"line":15,"column":12},"end":{"line":15,"column":21}},"8":{"start":{"line":17,"column":0},"end":{"line":17,"column":27}},"9":{"start":{"line":18,"column":0},"end":{"line":18,"column":38}},"10":{"start":{"line":20,"column":0},"end":{"line":42,"column":3}},"11":{"start":{"line":21,"column":2},"end":{"line":23,"column":3}},"12":{"start":{"line":22,"column":4},"end":{"line":22,"column":62}},"13":{"start":{"line":25,"column":33},"end":{"line":25,"column":41}},"14":{"start":{"line":27,"column":2},"end":{"line":29,"column":3}},"15":{"start":{"line":28,"column":4},"end":{"line":28,"column":62}},"16":{"start":{"line":31,"column":2},"end":{"line":41,"column":3}},"17":{"start":{"line":32,"column":18},"end":{"line":32,"column":42}},"18":{"start":{"line":34,"column":4},"end":{"line":34,"column":43}},"19":{"start":{"line":36,"column":4},"end":{"line":38,"column":5}},"20":{"start":{"line":37,"column":6},"end":{"line":37,"column":60}},"21":{"start":{"line":40,"column":4},"end":{"line":40,"column":16}},"22":{"start":{"line":45,"column":0},"end":{"line":52,"column":3}},"23":{"start":{"line":46,"column":2},"end":{"line":48,"column":4}},"24":{"start":{"line":49,"column":2},"end":{"line":49,"column":23}},"25":{"start":{"line":51,"column":2},"end":{"line":51,"column":66}},"26":{"start":{"line":54,"column":0},"end":{"line":56,"column":3}},"27":{"start":{"line":55,"column":2},"end":{"line":55,"column":50}}},"fnMap":{"0":{"name":"(anonymous_0)","decl":{"start":{"line":20,"column":18},"end":{"line":20,"column":19}},"loc":{"start":{"line":20,"column":38},"end":{"line":42,"column":1}},"line":20},"1":{"name":"(anonymous_1)","decl":{"start":{"line":45,"column":8},"end":{"line":45,"column":9}},"loc":{"start":{"line":45,"column":31},"end":{"line":52,"column":1}},"line":45},"2":{"name":"(anonymous_2)","decl":{"start":{"line":54,"column":17},"end":{"line":54,"column":18}},"loc":{"start":{"line":54,"column":23},"end":{"line":56,"column":1}},"line":54}},"branchMap":{"0":{"loc":{"start":{"line":10,"column":0},"end":{"line":12,"column":1}},"type":"if","locations":[{"start":{"line":10,"column":0},"end":{"line":12,"column":1}},{"start":{"line":10,"column":0},"end":{"line":12,"column":1}}],"line":10},"1":{"loc":{"start":{"line":21,"column":2},"end":{"line":23,"column":3}},"type":"if","locations":[{"start":{"line":21,"column":2},"end":{"line":23,"column":3}},{"start":{"line":21,"column":2},"end":{"line":23,"column":3}}],"line":21},"2":{"loc":{"start":{"line":27,"column":2},"end":{"line":29,"column":3}},"type":"if","locations":[{"start":{"line":27,"column":2},"end":{"line":29,"column":3}},{"start":{"line":27,"column":2},"end":{"line":29,"column":3}}],"line":27},"3":{"loc":{"start":{"line":27,"column":6},"end":{"line":27,"column":28}},"type":"binary-expr","locations":[{"start":{"line":27,"column":6},"end":{"line":27,"column":15}},{"start":{"line":27,"column":19},"end":{"line":27,"column":28}}],"line":27},"4":{"loc":{"start":{"line":36,"column":4},"end":{"line":38,"column":5}},"type":"if","locations":[{"start":{"line":36,"column":4},"end":{"line":38,"column":5}},{"start":{"line":36,"column":4},"end":{"line":38,"column":5}}],"line":36}},"s":{"0":1,"1":1,"2":1,"3":1,"4":1,"5":0,"6":1,"7":1,"8":1,"9":1,"10":1,"11":0,"12":0,"13":0,"14":0,"15":0,"16":0,"17":0,"18":0,"19":0,"20":0,"21":0,"22":1,"23":0,"24":0,"25":0,"26":1,"27":1},"f":{"0":0,"1":0,"2":1},"b":{"0":[0,1],"1":[0,0],"2":[0,0],"3":[0,0],"4":[0,0]},"_coverageSchema":"1a1c01bbd47fc00a2c39e90264f33305004495a9","hash":"68dbba575bf009dc608c9cca192f18fa7e2dc405"}
,"/usr/src/app/src/actions/movies/getMovies.js": {"path":"/usr/src/app/src/actions/movies/getMovies.js","statementMap":{"0":{"start":{"line":5,"column":4},"end":{"line":5,"column":41}}},"fnMap":{"0":{"name":"(anonymous_0)","decl":{"start":{"line":4,"column":2},"end":{"line":4,"column":3}},"loc":{"start":{"line":4,"column":25},"end":{"line":6,"column":3}},"line":4}},"branchMap":{},"s":{"0":0},"f":{"0":0},"b":{},"_coverageSchema":"1a1c01bbd47fc00a2c39e90264f33305004495a9","hash":"166ecd12aa7ddf47b57fd7da170efa2afa2b970c"}
,"/usr/src/app/src/actions/movies/postMovies.js": {"path":"/usr/src/app/src/actions/movies/postMovies.js","statementMap":{"0":{"start":{"line":6,"column":27},"end":{"line":6,"column":60}},"1":{"start":{"line":7,"column":4},"end":{"line":14,"column":71}},"2":{"start":{"line":8,"column":24},"end":{"line":8,"column":31}},"3":{"start":{"line":9,"column":20},"end":{"line":9,"column":56}},"4":{"start":{"line":10,"column":23},"end":{"line":10,"column":58}},"5":{"start":{"line":11,"column":6},"end":{"line":11,"column":45}},"6":{"start":{"line":12,"column":6},"end":{"line":12,"column":48}},"7":{"start":{"line":13,"column":6},"end":{"line":13,"column":21}},"8":{"start":{"line":14,"column":11},"end":{"line":14,"column":71}}},"fnMap":{"0":{"name":"(anonymous_0)","decl":{"start":{"line":5,"column":2},"end":{"line":5,"column":3}},"loc":{"start":{"line":5,"column":38},"end":{"line":15,"column":3}},"line":5}},"branchMap":{"0":{"loc":{"start":{"line":7,"column":4},"end":{"line":14,"column":71}},"type":"if","locations":[{"start":{"line":7,"column":4},"end":{"line":14,"column":71}},{"start":{"line":7,"column":4},"end":{"line":14,"column":71}}],"line":7}},"s":{"0":0,"1":0,"2":0,"3":0,"4":0,"5":0,"6":0,"7":0,"8":0},"f":{"0":0},"b":{"0":[0,0]},"_coverageSchema":"1a1c01bbd47fc00a2c39e90264f33305004495a9","hash":"5bbc66aff7dcbad941fee005e595e82b73933af7"}
,"/usr/src/app/src/domain/Movie.js": {"path":"/usr/src/app/src/domain/Movie.js","statementMap":{"0":{"start":{"line":3,"column":52},"end":{"line":3,"column":56}},"1":{"start":{"line":4,"column":4},"end":{"line":4,"column":27}},"2":{"start":{"line":4,"column":13},"end":{"line":4,"column":27}},"3":{"start":{"line":5,"column":4},"end":{"line":5,"column":22}},"4":{"start":{"line":6,"column":4},"end":{"line":6,"column":28}},"5":{"start":{"line":7,"column":4},"end":{"line":7,"column":22}},"6":{"start":{"line":8,"column":4},"end":{"line":8,"column":28}},"7":{"start":{"line":13,"column":18},"end":{"line":18,"column":5}},"8":{"start":{"line":19,"column":4},"end":{"line":19,"column":59}},"9":{"start":{"line":23,"column":4},"end":{"line":23,"column":17}},"10":{"start":{"line":24,"column":4},"end":{"line":24,"column":15}}},"fnMap":{"0":{"name":"(anonymous_0)","decl":{"start":{"line":2,"column":2},"end":{"line":2,"column":3}},"loc":{"start":{"line":2,"column":20},"end":{"line":10,"column":3}},"line":2},"1":{"name":"(anonymous_1)","decl":{"start":{"line":12,"column":2},"end":{"line":12,"column":3}},"loc":{"start":{"line":12,"column":16},"end":{"line":20,"column":3}},"line":12},"2":{"name":"(anonymous_2)","decl":{"start":{"line":22,"column":2},"end":{"line":22,"column":3}},"loc":{"start":{"line":22,"column":13},"end":{"line":25,"column":3}},"line":22}},"branchMap":{"0":{"loc":{"start":{"line":4,"column":4},"end":{"line":4,"column":27}},"type":"if","locations":[{"start":{"line":4,"column":4},"end":{"line":4,"column":27}},{"start":{"line":4,"column":4},"end":{"line":4,"column":27}}],"line":4},"1":{"loc":{"start":{"line":19,"column":11},"end":{"line":19,"column":59}},"type":"cond-expr","locations":[{"start":{"line":19,"column":24},"end":{"line":19,"column":51}},{"start":{"line":19,"column":54},"end":{"line":19,"column":59}}],"line":19}},"s":{"0":0,"1":0,"2":0,"3":0,"4":0,"5":0,"6":0,"7":0,"8":0,"9":0,"10":0},"f":{"0":0,"1":0,"2":0},"b":{"0":[0,0],"1":[0,0]},"_coverageSchema":"1a1c01bbd47fc00a2c39e90264f33305004495a9","hash":"fc05d1ae251a5fba3b3a83467a7d1965dea50d53"}
,"/usr/src/app/src/domain/User.js": {"path":"/usr/src/app/src/domain/User.js","statementMap":{"0":{"start":{"line":3,"column":82},"end":{"line":3,"column":86}},"1":{"start":{"line":5,"column":4},"end":{"line":5,"column":27}},"2":{"start":{"line":5,"column":13},"end":{"line":5,"column":27}},"3":{"start":{"line":6,"column":4},"end":{"line":6,"column":24}},"4":{"start":{"line":7,"column":4},"end":{"line":7,"column":20}},"5":{"start":{"line":8,"column":4},"end":{"line":8,"column":20}},"6":{"start":{"line":9,"column":4},"end":{"line":9,"column":28}},"7":{"start":{"line":10,"column":4},"end":{"line":10,"column":28}},"8":{"start":{"line":11,"column":4},"end":{"line":11,"column":36}},"9":{"start":{"line":12,"column":4},"end":{"line":12,"column":34}},"10":{"start":{"line":17,"column":17},"end":{"line":25,"column":5}},"11":{"start":{"line":26,"column":4},"end":{"line":26,"column":57}},"12":{"start":{"line":30,"column":4},"end":{"line":30,"column":17}},"13":{"start":{"line":31,"column":4},"end":{"line":31,"column":15}}},"fnMap":{"0":{"name":"(anonymous_0)","decl":{"start":{"line":2,"column":2},"end":{"line":2,"column":3}},"loc":{"start":{"line":2,"column":20},"end":{"line":14,"column":3}},"line":2},"1":{"name":"(anonymous_1)","decl":{"start":{"line":16,"column":2},"end":{"line":16,"column":3}},"loc":{"start":{"line":16,"column":16},"end":{"line":27,"column":3}},"line":16},"2":{"name":"(anonymous_2)","decl":{"start":{"line":29,"column":2},"end":{"line":29,"column":3}},"loc":{"start":{"line":29,"column":13},"end":{"line":32,"column":3}},"line":29}},"branchMap":{"0":{"loc":{"start":{"line":5,"column":4},"end":{"line":5,"column":27}},"type":"if","locations":[{"start":{"line":5,"column":4},"end":{"line":5,"column":27}},{"start":{"line":5,"column":4},"end":{"line":5,"column":27}}],"line":5},"1":{"loc":{"start":{"line":26,"column":11},"end":{"line":26,"column":57}},"type":"cond-expr","locations":[{"start":{"line":26,"column":24},"end":{"line":26,"column":50}},{"start":{"line":26,"column":53},"end":{"line":26,"column":57}}],"line":26}},"s":{"0":0,"1":0,"2":0,"3":0,"4":0,"5":0,"6":0,"7":0,"8":0,"9":0,"10":0,"11":0,"12":0,"13":0},"f":{"0":0,"1":0,"2":0},"b":{"0":[0,0],"1":[0,0]},"_coverageSchema":"1a1c01bbd47fc00a2c39e90264f33305004495a9","hash":"2035ef25f2963071a7f288aca7f28407dab06290"}
,"/usr/src/app/src/infrastructure/axios.js": {"path":"/usr/src/app/src/infrastructure/axios.js","statementMap":{"0":{"start":{"line":3,"column":17},"end":{"line":5,"column":2}}},"fnMap":{},"branchMap":{},"s":{"0":1},"f":{},"b":{},"_coverageSchema":"1a1c01bbd47fc00a2c39e90264f33305004495a9","hash":"d77f126bf9ed3ce37ab4d232cfe262f75e0e46c3"}
,"/usr/src/app/src/infrastructure/database.js": {"path":"/usr/src/app/src/infrastructure/database.js","statementMap":{"0":{"start":{"line":2,"column":20},"end":{"line":2,"column":39}},"1":{"start":{"line":4,"column":10},"end":{"line":4,"column":14}},"2":{"start":{"line":6,"column":19},"end":{"line":15,"column":1}},"3":{"start":{"line":7,"column":2},"end":{"line":14,"column":3}},"4":{"start":{"line":8,"column":19},"end":{"line":8,"column":94}},"5":{"start":{"line":9,"column":4},"end":{"line":9,"column":21}},"6":{"start":{"line":10,"column":4},"end":{"line":10,"column":14}},"7":{"start":{"line":12,"column":4},"end":{"line":12,"column":35}},"8":{"start":{"line":13,"column":4},"end":{"line":13,"column":22}},"9":{"start":{"line":17,"column":14},"end":{"line":23,"column":1}},"10":{"start":{"line":18,"column":2},"end":{"line":22,"column":3}},"11":{"start":{"line":19,"column":4},"end":{"line":19,"column":14}},"12":{"start":{"line":21,"column":4},"end":{"line":21,"column":29}}},"fnMap":{"0":{"name":"(anonymous_0)","decl":{"start":{"line":6,"column":19},"end":{"line":6,"column":20}},"loc":{"start":{"line":6,"column":31},"end":{"line":15,"column":1}},"line":6},"1":{"name":"(anonymous_1)","decl":{"start":{"line":17,"column":14},"end":{"line":17,"column":15}},"loc":{"start":{"line":17,"column":26},"end":{"line":23,"column":1}},"line":17}},"branchMap":{"0":{"loc":{"start":{"line":18,"column":2},"end":{"line":22,"column":3}},"type":"if","locations":[{"start":{"line":18,"column":2},"end":{"line":22,"column":3}},{"start":{"line":18,"column":2},"end":{"line":22,"column":3}}],"line":18}},"s":{"0":1,"1":1,"2":1,"3":2,"4":2,"5":0,"6":0,"7":1,"8":1,"9":1,"10":2,"11":0,"12":2},"f":{"0":2,"1":2},"b":{"0":[0,2]},"_coverageSchema":"1a1c01bbd47fc00a2c39e90264f33305004495a9","hash":"0a28188a81499961ccc3cff647d2377644240f28"}
,"/usr/src/app/src/middlewares/auth.js": {"path":"/usr/src/app/src/middlewares/auth.js","statementMap":{"0":{"start":{"line":4,"column":13},"end":{"line":14,"column":1}},"1":{"start":{"line":5,"column":2},"end":{"line":5,"column":52}},"2":{"start":{"line":5,"column":33},"end":{"line":5,"column":52}},"3":{"start":{"line":6,"column":28},"end":{"line":6,"column":39}},"4":{"start":{"line":8,"column":15},"end":{"line":8,"column":46}},"5":{"start":{"line":9,"column":2},"end":{"line":11,"column":3}},"6":{"start":{"line":10,"column":4},"end":{"line":10,"column":19}},"7":{"start":{"line":12,"column":2},"end":{"line":12,"column":17}},"8":{"start":{"line":13,"column":2},"end":{"line":13,"column":8}}},"fnMap":{"0":{"name":"(anonymous_0)","decl":{"start":{"line":4,"column":13},"end":{"line":4,"column":14}},"loc":{"start":{"line":4,"column":39},"end":{"line":14,"column":1}},"line":4}},"branchMap":{"0":{"loc":{"start":{"line":5,"column":2},"end":{"line":5,"column":52}},"type":"if","locations":[{"start":{"line":5,"column":2},"end":{"line":5,"column":52}},{"start":{"line":5,"column":2},"end":{"line":5,"column":52}}],"line":5},"1":{"loc":{"start":{"line":9,"column":2},"end":{"line":11,"column":3}},"type":"if","locations":[{"start":{"line":9,"column":2},"end":{"line":11,"column":3}},{"start":{"line":9,"column":2},"end":{"line":11,"column":3}}],"line":9}},"s":{"0":1,"1":1,"2":1,"3":0,"4":0,"5":0,"6":0,"7":0,"8":0},"f":{"0":1},"b":{"0":[1,0],"1":[0,0]},"_coverageSchema":"1a1c01bbd47fc00a2c39e90264f33305004495a9","hash":"770b20f079cb744006fef765bfd4ada9df60ab55"}
,"/usr/src/app/src/routes/movies.js": {"path":"/usr/src/app/src/routes/movies.js","statementMap":{"0":{"start":{"line":5,"column":15},"end":{"line":16,"column":1}},"1":{"start":{"line":6,"column":2},"end":{"line":10,"column":4}},"2":{"start":{"line":7,"column":27},"end":{"line":7,"column":30}},"3":{"start":{"line":8,"column":21},"end":{"line":8,"column":56}},"4":{"start":{"line":9,"column":4},"end":{"line":9,"column":34}},"5":{"start":{"line":11,"column":2},"end":{"line":14,"column":4}},"6":{"start":{"line":12,"column":21},"end":{"line":12,"column":45}},"7":{"start":{"line":13,"column":4},"end":{"line":13,"column":34}},"8":{"start":{"line":15,"column":2},"end":{"line":15,"column":15}}},"fnMap":{"0":{"name":"(anonymous_0)","decl":{"start":{"line":5,"column":15},"end":{"line":5,"column":16}},"loc":{"start":{"line":5,"column":27},"end":{"line":16,"column":1}},"line":5},"1":{"name":"(anonymous_1)","decl":{"start":{"line":6,"column":31},"end":{"line":6,"column":32}},"loc":{"start":{"line":6,"column":51},"end":{"line":10,"column":3}},"line":6},"2":{"name":"(anonymous_2)","decl":{"start":{"line":11,"column":24},"end":{"line":11,"column":25}},"loc":{"start":{"line":11,"column":44},"end":{"line":14,"column":3}},"line":11}},"branchMap":{},"s":{"0":1,"1":1,"2":0,"3":0,"4":0,"5":1,"6":0,"7":0,"8":1},"f":{"0":1,"1":0,"2":0},"b":{},"_coverageSchema":"1a1c01bbd47fc00a2c39e90264f33305004495a9","hash":"7cfb1d94b6b70d695c0909935c356100bb7ddc60"}
,"/usr/src/app/src/services/movies/collection.js": {"path":"/usr/src/app/src/services/movies/collection.js","statementMap":{"0":{"start":{"line":6,"column":15},"end":{"line":6,"column":28}},"1":{"start":{"line":7,"column":4},"end":{"line":7,"column":33}},"2":{"start":{"line":8,"column":4},"end":{"line":12,"column":43}},"3":{"start":{"line":11,"column":28},"end":{"line":11,"column":34}},"4":{"start":{"line":12,"column":30},"end":{"line":12,"column":41}},"5":{"start":{"line":16,"column":15},"end":{"line":16,"column":28}},"6":{"start":{"line":17,"column":4},"end":{"line":20,"column":36}},"7":{"start":{"line":19,"column":30},"end":{"line":19,"column":40}},"8":{"start":{"line":20,"column":23},"end":{"line":20,"column":34}}},"fnMap":{"0":{"name":"(anonymous_0)","decl":{"start":{"line":5,"column":2},"end":{"line":5,"column":3}},"loc":{"start":{"line":5,"column":28},"end":{"line":13,"column":3}},"line":5},"1":{"name":"(anonymous_1)","decl":{"start":{"line":11,"column":18},"end":{"line":11,"column":19}},"loc":{"start":{"line":11,"column":28},"end":{"line":11,"column":34}},"line":11},"2":{"name":"(anonymous_2)","decl":{"start":{"line":12,"column":20},"end":{"line":12,"column":21}},"loc":{"start":{"line":12,"column":29},"end":{"line":12,"column":42}},"line":12},"3":{"name":"(anonymous_3)","decl":{"start":{"line":15,"column":2},"end":{"line":15,"column":3}},"loc":{"start":{"line":15,"column":32},"end":{"line":21,"column":3}},"line":15},"4":{"name":"(anonymous_4)","decl":{"start":{"line":19,"column":12},"end":{"line":19,"column":13}},"loc":{"start":{"line":19,"column":30},"end":{"line":19,"column":40}},"line":19},"5":{"name":"(anonymous_5)","decl":{"start":{"line":20,"column":13},"end":{"line":20,"column":14}},"loc":{"start":{"line":20,"column":22},"end":{"line":20,"column":35}},"line":20}},"branchMap":{},"s":{"0":0,"1":0,"2":0,"3":0,"4":0,"5":0,"6":0,"7":0,"8":0},"f":{"0":0,"1":0,"2":0,"3":0,"4":0,"5":0},"b":{},"_coverageSchema":"1a1c01bbd47fc00a2c39e90264f33305004495a9","hash":"8bfda83cc5fba4460715656a09e3c044cdc676e0"}
,"/usr/src/app/src/services/movies/service.js": {"path":"/usr/src/app/src/services/movies/service.js","statementMap":{"0":{"start":{"line":11,"column":41},"end":{"line":11,"column":45}},"1":{"start":{"line":12,"column":4},"end":{"line":12,"column":38}},"2":{"start":{"line":12,"column":27},"end":{"line":12,"column":38}},"3":{"start":{"line":17,"column":4},"end":{"line":18,"column":21}},"4":{"start":{"line":17,"column":63},"end":{"line":17,"column":74}},"5":{"start":{"line":18,"column":9},"end":{"line":18,"column":21}},"6":{"start":{"line":22,"column":19},"end":{"line":22,"column":52}},"7":{"start":{"line":23,"column":4},"end":{"line":23,"column":55}},"8":{"start":{"line":23,"column":31},"end":{"line":23,"column":54}},"9":{"start":{"line":27,"column":18},"end":{"line":27,"column":38}},"10":{"start":{"line":28,"column":4},"end":{"line":28,"column":28}},"11":{"start":{"line":32,"column":4},"end":{"line":37,"column":5}},"12":{"start":{"line":33,"column":23},"end":{"line":33,"column":96}},"13":{"start":{"line":34,"column":6},"end":{"line":34,"column":17}},"14":{"start":{"line":36,"column":6},"end":{"line":36,"column":28}},"15":{"start":{"line":41,"column":23},"end":{"line":41,"column":42}},"16":{"start":{"line":42,"column":20},"end":{"line":42,"column":61}},"17":{"start":{"line":43,"column":4},"end":{"line":43,"column":46}}},"fnMap":{"0":{"name":"(anonymous_0)","decl":{"start":{"line":10,"column":2},"end":{"line":10,"column":3}},"loc":{"start":{"line":10,"column":36},"end":{"line":19,"column":3}},"line":10},"1":{"name":"(anonymous_1)","decl":{"start":{"line":21,"column":2},"end":{"line":21,"column":3}},"loc":{"start":{"line":21,"column":28},"end":{"line":24,"column":3}},"line":21},"2":{"name":"(anonymous_2)","decl":{"start":{"line":23,"column":22},"end":{"line":23,"column":23}},"loc":{"start":{"line":23,"column":31},"end":{"line":23,"column":54}},"line":23},"3":{"name":"(anonymous_3)","decl":{"start":{"line":26,"column":2},"end":{"line":26,"column":3}},"loc":{"start":{"line":26,"column":29},"end":{"line":29,"column":3}},"line":26},"4":{"name":"(anonymous_4)","decl":{"start":{"line":31,"column":2},"end":{"line":31,"column":3}},"loc":{"start":{"line":31,"column":33},"end":{"line":38,"column":3}},"line":31},"5":{"name":"(anonymous_5)","decl":{"start":{"line":40,"column":2},"end":{"line":40,"column":3}},"loc":{"start":{"line":40,"column":35},"end":{"line":44,"column":3}},"line":40}},"branchMap":{"0":{"loc":{"start":{"line":12,"column":4},"end":{"line":12,"column":38}},"type":"if","locations":[{"start":{"line":12,"column":4},"end":{"line":12,"column":38}},{"start":{"line":12,"column":4},"end":{"line":12,"column":38}}],"line":12},"1":{"loc":{"start":{"line":17,"column":4},"end":{"line":18,"column":21}},"type":"if","locations":[{"start":{"line":17,"column":4},"end":{"line":18,"column":21}},{"start":{"line":17,"column":4},"end":{"line":18,"column":21}}],"line":17},"2":{"loc":{"start":{"line":17,"column":7},"end":{"line":17,"column":61}},"type":"binary-expr","locations":[{"start":{"line":17,"column":7},"end":{"line":17,"column":42}},{"start":{"line":17,"column":46},"end":{"line":17,"column":61}}],"line":17}},"s":{"0":0,"1":0,"2":0,"3":0,"4":0,"5":0,"6":0,"7":0,"8":0,"9":0,"10":0,"11":0,"12":0,"13":0,"14":0,"15":0,"16":0,"17":0},"f":{"0":0,"1":0,"2":0,"3":0,"4":0,"5":0},"b":{"0":[0,0],"1":[0,0],"2":[0,0]},"_coverageSchema":"1a1c01bbd47fc00a2c39e90264f33305004495a9","hash":"106c0cff1bd043113c59fc90e33f8291ce0fdcc2"}
,"/usr/src/app/src/services/users/collection.js": {"path":"/usr/src/app/src/services/users/collection.js","statementMap":{"0":{"start":{"line":6,"column":15},"end":{"line":6,"column":28}},"1":{"start":{"line":7,"column":4},"end":{"line":10,"column":43}},"2":{"start":{"line":9,"column":28},"end":{"line":9,"column":34}},"3":{"start":{"line":10,"column":30},"end":{"line":10,"column":41}},"4":{"start":{"line":14,"column":15},"end":{"line":14,"column":28}},"5":{"start":{"line":15,"column":23},"end":{"line":15,"column":27}},"6":{"start":{"line":16,"column":4},"end":{"line":21,"column":38}},"7":{"start":{"line":19,"column":8},"end":{"line":19,"column":83}},"8":{"start":{"line":19,"column":31},"end":{"line":19,"column":43}},"9":{"start":{"line":19,"column":53},"end":{"line":19,"column":81}},"10":{"start":{"line":21,"column":24},"end":{"line":21,"column":35}},"11":{"start":{"line":25,"column":15},"end":{"line":25,"column":28}},"12":{"start":{"line":26,"column":23},"end":{"line":26,"column":27}},"13":{"start":{"line":27,"column":4},"end":{"line":32,"column":38}},"14":{"start":{"line":30,"column":8},"end":{"line":30,"column":83}},"15":{"start":{"line":30,"column":31},"end":{"line":30,"column":43}},"16":{"start":{"line":30,"column":53},"end":{"line":30,"column":81}},"17":{"start":{"line":32,"column":24},"end":{"line":32,"column":35}}},"fnMap":{"0":{"name":"(anonymous_0)","decl":{"start":{"line":5,"column":2},"end":{"line":5,"column":3}},"loc":{"start":{"line":5,"column":32},"end":{"line":11,"column":3}},"line":5},"1":{"name":"(anonymous_1)","decl":{"start":{"line":9,"column":18},"end":{"line":9,"column":19}},"loc":{"start":{"line":9,"column":28},"end":{"line":9,"column":34}},"line":9},"2":{"name":"(anonymous_2)","decl":{"start":{"line":10,"column":20},"end":{"line":10,"column":21}},"loc":{"start":{"line":10,"column":29},"end":{"line":10,"column":42}},"line":10},"3":{"name":"(anonymous_3)","decl":{"start":{"line":13,"column":2},"end":{"line":13,"column":3}},"loc":{"start":{"line":13,"column":36},"end":{"line":22,"column":3}},"line":13},"4":{"name":"(anonymous_4)","decl":{"start":{"line":18,"column":12},"end":{"line":18,"column":13}},"loc":{"start":{"line":18,"column":73},"end":{"line":20,"column":7}},"line":18},"5":{"name":"(anonymous_5)","decl":{"start":{"line":21,"column":13},"end":{"line":21,"column":14}},"loc":{"start":{"line":21,"column":22},"end":{"line":21,"column":37}},"line":21},"6":{"name":"(anonymous_6)","decl":{"start":{"line":24,"column":2},"end":{"line":24,"column":3}},"loc":{"start":{"line":24,"column":52},"end":{"line":33,"column":3}},"line":24},"7":{"name":"(anonymous_7)","decl":{"start":{"line":29,"column":12},"end":{"line":29,"column":13}},"loc":{"start":{"line":29,"column":73},"end":{"line":31,"column":7}},"line":29},"8":{"name":"(anonymous_8)","decl":{"start":{"line":32,"column":13},"end":{"line":32,"column":14}},"loc":{"start":{"line":32,"column":22},"end":{"line":32,"column":37}},"line":32}},"branchMap":{"0":{"loc":{"start":{"line":18,"column":41},"end":{"line":18,"column":64}},"type":"default-arg","locations":[{"start":{"line":18,"column":59},"end":{"line":18,"column":64}}],"line":18},"1":{"loc":{"start":{"line":19,"column":8},"end":{"line":19,"column":83}},"type":"if","locations":[{"start":{"line":19,"column":8},"end":{"line":19,"column":83}},{"start":{"line":19,"column":8},"end":{"line":19,"column":83}}],"line":19},"2":{"loc":{"start":{"line":29,"column":41},"end":{"line":29,"column":64}},"type":"default-arg","locations":[{"start":{"line":29,"column":59},"end":{"line":29,"column":64}}],"line":29},"3":{"loc":{"start":{"line":30,"column":8},"end":{"line":30,"column":83}},"type":"if","locations":[{"start":{"line":30,"column":8},"end":{"line":30,"column":83}},{"start":{"line":30,"column":8},"end":{"line":30,"column":83}}],"line":30}},"s":{"0":0,"1":0,"2":0,"3":0,"4":0,"5":0,"6":0,"7":0,"8":0,"9":0,"10":0,"11":0,"12":0,"13":0,"14":0,"15":0,"16":0,"17":0},"f":{"0":0,"1":0,"2":0,"3":0,"4":0,"5":0,"6":0,"7":0,"8":0},"b":{"0":[0],"1":[0,0],"2":[0],"3":[0,0]},"_coverageSchema":"1a1c01bbd47fc00a2c39e90264f33305004495a9","hash":"ddfe7f35d7822dd65d933050b612cccbd311ff72"}
,"/usr/src/app/src/services/users/service.js": {"path":"/usr/src/app/src/services/users/service.js","statementMap":{"0":{"start":{"line":8,"column":17},"end":{"line":8,"column":45}},"1":{"start":{"line":9,"column":20},"end":{"line":9,"column":48}},"2":{"start":{"line":10,"column":4},"end":{"line":10,"column":18}},"3":{"start":{"line":14,"column":4},"end":{"line":19,"column":5}},"4":{"start":{"line":15,"column":6},"end":{"line":15,"column":47}},"5":{"start":{"line":16,"column":6},"end":{"line":16,"column":42}},"6":{"start":{"line":18,"column":6},"end":{"line":18,"column":24}},"7":{"start":{"line":23,"column":17},"end":{"line":23,"column":53}},"8":{"start":{"line":24,"column":24},"end":{"line":24,"column":84}},"9":{"start":{"line":25,"column":4},"end":{"line":30,"column":5}},"10":{"start":{"line":26,"column":6},"end":{"line":26,"column":65}},"11":{"start":{"line":27,"column":6},"end":{"line":27,"column":42}},"12":{"start":{"line":29,"column":6},"end":{"line":29,"column":24}}},"fnMap":{"0":{"name":"(anonymous_0)","decl":{"start":{"line":7,"column":2},"end":{"line":7,"column":3}},"loc":{"start":{"line":7,"column":31},"end":{"line":11,"column":3}},"line":7},"1":{"name":"(anonymous_1)","decl":{"start":{"line":13,"column":2},"end":{"line":13,"column":3}},"loc":{"start":{"line":13,"column":38},"end":{"line":20,"column":3}},"line":13},"2":{"name":"(anonymous_2)","decl":{"start":{"line":22,"column":2},"end":{"line":22,"column":3}},"loc":{"start":{"line":22,"column":41},"end":{"line":31,"column":3}},"line":22}},"branchMap":{"0":{"loc":{"start":{"line":24,"column":24},"end":{"line":24,"column":84}},"type":"cond-expr","locations":[{"start":{"line":24,"column":62},"end":{"line":24,"column":80}},{"start":{"line":24,"column":83},"end":{"line":24,"column":84}}],"line":24}},"s":{"0":0,"1":0,"2":0,"3":0,"4":0,"5":0,"6":0,"7":0,"8":0,"9":0,"10":0,"11":0,"12":0},"f":{"0":0,"1":0,"2":0},"b":{"0":[0,0]},"_coverageSchema":"1a1c01bbd47fc00a2c39e90264f33305004495a9","hash":"16c51ccba9384b425b488b3975ff29bc0405abba"}
,"/usr/src/app/src/test/tech_support/movie.js": {"path":"/usr/src/app/src/test/tech_support/movie.js","statementMap":{"0":{"start":{"line":1,"column":19},"end":{"line":3,"column":1}}},"fnMap":{},"branchMap":{},"s":{"0":1},"f":{},"b":{},"_coverageSchema":"1a1c01bbd47fc00a2c39e90264f33305004495a9","hash":"fa7b3d2d0a11469491b67e2818288c0994b8e653"}
}
